<?xml version="1.0" encoding="UTF-8"?>
<testng-results skipped="0" failed="0" total="1" passed="1">
  <reporter-output>
  </reporter-output>
  <suite name="Default suite" duration-ms="15433" started-at="2019-04-11T00:47:48Z" finished-at="2019-04-11T00:48:03Z">
    <groups>
    </groups>
    <test name="Default test" duration-ms="15433" started-at="2019-04-11T00:47:48Z" finished-at="2019-04-11T00:48:03Z">
      <class name="test.TechfiosDatabaseTest">
        <test-method status="PASS" signature="TechfiosDatabaselogin()[pri:0, instance:test.TechfiosDatabaseTest@1e88b3c]" name="TechfiosDatabaselogin" duration-ms="15399" started-at="2019-04-10T20:47:48Z" finished-at="2019-04-10T20:48:03Z">
          <reporter-output>
          </reporter-output>
        </test-method> <!-- TechfiosDatabaselogin -->
      </class> <!-- test.TechfiosDatabaseTest -->
    </test> <!-- Default test -->
  </suite> <!-- Default suite -->
</testng-results>
